2003-09-16 22:40:34,725 - Log4JLogSystem initialized using logfile velocity.log
2003-09-16 22:40:34,725 - ************************************************************** 
2003-09-16 22:40:34,725 - Starting Jakarta Velocity v1.4-dev
2003-09-16 22:40:34,725 - RuntimeInstance initializing.
2003-09-16 22:40:34,725 - Default Properties File: org\apache\velocity\runtime\defaults\velocity.properties
2003-09-16 22:40:34,725 - Trying to use logger class middlegen.DontCloseLog4JLogSystem
2003-09-16 22:40:34,725 - Using logger class middlegen.DontCloseLog4JLogSystem
2003-09-16 22:40:34,735 - Default ResourceManager initializing. (class org.apache.velocity.runtime.resource.ResourceManagerImpl)
2003-09-16 22:40:34,755 - Resource Loader Instantiated: middlegen.KindFileResourceLoader
2003-09-16 22:40:34,755 - FileResourceLoader : initialization starting.
2003-09-16 22:40:34,755 - FileResourceLoader : adding path '.'
2003-09-16 22:40:34,755 - FileResourceLoader : initialization complete.
2003-09-16 22:40:34,755 - ResourceCache : initialized. (class org.apache.velocity.runtime.resource.ResourceCacheImpl)
2003-09-16 22:40:34,755 - Default ResourceManager initialization complete.
2003-09-16 22:40:34,775 - Loaded System Directive: org.apache.velocity.runtime.directive.Literal
2003-09-16 22:40:34,785 - Loaded System Directive: org.apache.velocity.runtime.directive.Macro
2003-09-16 22:40:34,785 - Loaded System Directive: org.apache.velocity.runtime.directive.Parse
2003-09-16 22:40:34,795 - Loaded System Directive: org.apache.velocity.runtime.directive.Include
2003-09-16 22:40:34,795 - Loaded System Directive: org.apache.velocity.runtime.directive.Foreach
2003-09-16 22:40:35,216 - Created: 20 parsers.
2003-09-16 22:40:35,256 - Velocimacro : initialization starting.
2003-09-16 22:40:35,256 - Velocimacro : adding VMs from VM library template : VM_global_library.vm
2003-09-16 22:40:35,286 - ResourceManager : found VM_global_library.vm with loader middlegen.KindFileResourceLoader
2003-09-16 22:40:35,286 - Velocimacro :  VM library template macro registration complete.
2003-09-16 22:40:35,286 - Velocimacro : allowInline = true : VMs can be defined inline in templates
2003-09-16 22:40:35,286 - Velocimacro : allowInlineToOverride = false : VMs defined inline may NOT replace previous VM definitions
2003-09-16 22:40:35,286 - Velocimacro : allowInlineLocal = false : VMs defined inline will be  global in scope if allowed.
2003-09-16 22:40:35,286 - Velocimacro : messages on  : VM system will output logging messages
2003-09-16 22:40:35,286 - Velocimacro : autoload off  : VM system will not automatically reload global library macros
2003-09-16 22:40:35,286 - Velocimacro : initialization complete.
2003-09-16 22:40:35,286 - Velocity successfully started.
2003-11-02 14:33:39,879 - Log4JLogSystem initialized using logfile velocity.log
2003-11-02 14:33:39,899 - ************************************************************** 
2003-11-02 14:33:39,899 - Starting Jakarta Velocity v1.4-dev
2003-11-02 14:33:39,899 - RuntimeInstance initializing.
2003-11-02 14:33:39,899 - Default Properties File: org\apache\velocity\runtime\defaults\velocity.properties
2003-11-02 14:33:39,909 - Trying to use logger class middlegen.DontCloseLog4JLogSystem
2003-11-02 14:33:39,909 - Using logger class middlegen.DontCloseLog4JLogSystem
2003-11-02 14:33:39,929 - Default ResourceManager initializing. (class org.apache.velocity.runtime.resource.ResourceManagerImpl)
2003-11-02 14:33:39,949 - Resource Loader Instantiated: middlegen.KindFileResourceLoader
2003-11-02 14:33:39,949 - FileResourceLoader : initialization starting.
2003-11-02 14:33:39,949 - FileResourceLoader : adding path '.'
2003-11-02 14:33:39,949 - FileResourceLoader : initialization complete.
2003-11-02 14:33:39,959 - ResourceCache : initialized. (class org.apache.velocity.runtime.resource.ResourceCacheImpl)
2003-11-02 14:33:39,959 - Default ResourceManager initialization complete.
2003-11-02 14:33:39,979 - Loaded System Directive: org.apache.velocity.runtime.directive.Literal
2003-11-02 14:33:39,979 - Loaded System Directive: org.apache.velocity.runtime.directive.Macro
2003-11-02 14:33:39,989 - Loaded System Directive: org.apache.velocity.runtime.directive.Parse
2003-11-02 14:33:39,989 - Loaded System Directive: org.apache.velocity.runtime.directive.Include
2003-11-02 14:33:39,999 - Loaded System Directive: org.apache.velocity.runtime.directive.Foreach
2003-11-02 14:33:40,380 - Created: 20 parsers.
2003-11-02 14:33:40,720 - Velocimacro : initialization starting.
2003-11-02 14:33:40,720 - Velocimacro : adding VMs from VM library template : VM_global_library.vm
2003-11-02 14:33:40,750 - ResourceManager : found VM_global_library.vm with loader middlegen.KindFileResourceLoader
2003-11-02 14:33:40,750 - Velocimacro :  VM library template macro registration complete.
2003-11-02 14:33:40,750 - Velocimacro : allowInline = true : VMs can be defined inline in templates
2003-11-02 14:33:40,750 - Velocimacro : allowInlineToOverride = false : VMs defined inline may NOT replace previous VM definitions
2003-11-02 14:33:40,750 - Velocimacro : allowInlineLocal = false : VMs defined inline will be  global in scope if allowed.
2003-11-02 14:33:40,750 - Velocimacro : messages on  : VM system will output logging messages
2003-11-02 14:33:40,750 - Velocimacro : autoload off  : VM system will not automatically reload global library macros
2003-11-02 14:33:40,750 - Velocimacro : initialization complete.
2003-11-02 14:33:40,750 - Velocity successfully started.
2004-01-09 20:46:21,690 - Log4JLogSystem initialized using logfile velocity.log
2004-01-09 20:46:21,690 - ************************************************************** 
2004-01-09 20:46:21,690 - Starting Jakarta Velocity v1.4-dev
2004-01-09 20:46:21,690 - RuntimeInstance initializing.
2004-01-09 20:46:21,690 - Default Properties File: org\apache\velocity\runtime\defaults\velocity.properties
2004-01-09 20:46:21,690 - Trying to use logger class middlegen.DontCloseLog4JLogSystem
2004-01-09 20:46:21,690 - Using logger class middlegen.DontCloseLog4JLogSystem
2004-01-09 20:46:21,700 - Default ResourceManager initializing. (class org.apache.velocity.runtime.resource.ResourceManagerImpl)
2004-01-09 20:46:21,710 - Resource Loader Instantiated: middlegen.KindFileResourceLoader
2004-01-09 20:46:21,710 - FileResourceLoader : initialization starting.
2004-01-09 20:46:21,710 - FileResourceLoader : adding path '.'
2004-01-09 20:46:21,710 - FileResourceLoader : initialization complete.
2004-01-09 20:46:21,710 - ResourceCache : initialized. (class org.apache.velocity.runtime.resource.ResourceCacheImpl)
2004-01-09 20:46:21,710 - Default ResourceManager initialization complete.
2004-01-09 20:46:21,730 - Loaded System Directive: org.apache.velocity.runtime.directive.Literal
2004-01-09 20:46:21,730 - Loaded System Directive: org.apache.velocity.runtime.directive.Macro
2004-01-09 20:46:21,740 - Loaded System Directive: org.apache.velocity.runtime.directive.Parse
2004-01-09 20:46:21,750 - Loaded System Directive: org.apache.velocity.runtime.directive.Include
2004-01-09 20:46:21,750 - Loaded System Directive: org.apache.velocity.runtime.directive.Foreach
2004-01-09 20:46:22,141 - Created: 20 parsers.
2004-01-09 20:46:22,401 - Velocimacro : initialization starting.
2004-01-09 20:46:22,401 - Velocimacro : adding VMs from VM library template : VM_global_library.vm
2004-01-09 20:46:22,501 - ResourceManager : found VM_global_library.vm with loader middlegen.KindFileResourceLoader
2004-01-09 20:46:22,501 - Velocimacro :  VM library template macro registration complete.
2004-01-09 20:46:22,501 - Velocimacro : allowInline = true : VMs can be defined inline in templates
2004-01-09 20:46:22,501 - Velocimacro : allowInlineToOverride = false : VMs defined inline may NOT replace previous VM definitions
2004-01-09 20:46:22,501 - Velocimacro : allowInlineLocal = false : VMs defined inline will be  global in scope if allowed.
2004-01-09 20:46:22,501 - Velocimacro : messages on  : VM system will output logging messages
2004-01-09 20:46:22,501 - Velocimacro : autoload off  : VM system will not automatically reload global library macros
2004-01-09 20:46:22,501 - Velocimacro : initialization complete.
2004-01-09 20:46:22,501 - Velocity successfully started.
2004-01-09 20:53:19,110 - Log4JLogSystem initialized using logfile velocity.log
2004-01-09 20:53:19,110 - ************************************************************** 
2004-01-09 20:53:19,110 - Starting Jakarta Velocity v1.4-dev
2004-01-09 20:53:19,110 - RuntimeInstance initializing.
2004-01-09 20:53:19,110 - Default Properties File: org\apache\velocity\runtime\defaults\velocity.properties
2004-01-09 20:53:19,110 - Trying to use logger class middlegen.DontCloseLog4JLogSystem
2004-01-09 20:53:19,110 - Using logger class middlegen.DontCloseLog4JLogSystem
2004-01-09 20:53:19,120 - Default ResourceManager initializing. (class org.apache.velocity.runtime.resource.ResourceManagerImpl)
2004-01-09 20:53:19,140 - Resource Loader Instantiated: middlegen.KindFileResourceLoader
2004-01-09 20:53:19,140 - FileResourceLoader : initialization starting.
2004-01-09 20:53:19,140 - FileResourceLoader : adding path '.'
2004-01-09 20:53:19,140 - FileResourceLoader : initialization complete.
2004-01-09 20:53:19,150 - ResourceCache : initialized. (class org.apache.velocity.runtime.resource.ResourceCacheImpl)
2004-01-09 20:53:19,150 - Default ResourceManager initialization complete.
2004-01-09 20:53:19,160 - Loaded System Directive: org.apache.velocity.runtime.directive.Literal
2004-01-09 20:53:19,170 - Loaded System Directive: org.apache.velocity.runtime.directive.Macro
2004-01-09 20:53:19,170 - Loaded System Directive: org.apache.velocity.runtime.directive.Parse
2004-01-09 20:53:19,180 - Loaded System Directive: org.apache.velocity.runtime.directive.Include
2004-01-09 20:53:19,191 - Loaded System Directive: org.apache.velocity.runtime.directive.Foreach
2004-01-09 20:53:19,651 - Created: 20 parsers.
2004-01-09 20:53:19,681 - Velocimacro : initialization starting.
2004-01-09 20:53:19,681 - Velocimacro : adding VMs from VM library template : VM_global_library.vm
2004-01-09 20:53:19,701 - ResourceManager : found VM_global_library.vm with loader middlegen.KindFileResourceLoader
2004-01-09 20:53:19,701 - Velocimacro :  VM library template macro registration complete.
2004-01-09 20:53:19,701 - Velocimacro : allowInline = true : VMs can be defined inline in templates
2004-01-09 20:53:19,701 - Velocimacro : allowInlineToOverride = false : VMs defined inline may NOT replace previous VM definitions
2004-01-09 20:53:19,701 - Velocimacro : allowInlineLocal = false : VMs defined inline will be  global in scope if allowed.
2004-01-09 20:53:19,701 - Velocimacro : messages on  : VM system will output logging messages
2004-01-09 20:53:19,701 - Velocimacro : autoload off  : VM system will not automatically reload global library macros
2004-01-09 20:53:19,701 - Velocimacro : initialization complete.
2004-01-09 20:53:19,701 - Velocity successfully started.
2004-07-21 00:49:37,970 - Log4JLogSystem initialized using logfile velocity.log
2004-07-21 00:49:37,980 - ************************************************************** 
2004-07-21 00:49:37,980 - Starting Jakarta Velocity v1.4-dev
2004-07-21 00:49:37,980 - RuntimeInstance initializing.
2004-07-21 00:49:37,980 - Default Properties File: org\apache\velocity\runtime\defaults\velocity.properties
2004-07-21 00:49:37,980 - Trying to use logger class middlegen.DontCloseLog4JLogSystem
2004-07-21 00:49:37,980 - Using logger class middlegen.DontCloseLog4JLogSystem
2004-07-21 00:49:37,980 - Default ResourceManager initializing. (class org.apache.velocity.runtime.resource.ResourceManagerImpl)
2004-07-21 00:49:38,000 - Resource Loader Instantiated: middlegen.KindFileResourceLoader
2004-07-21 00:49:38,000 - FileResourceLoader : initialization starting.
2004-07-21 00:49:38,000 - FileResourceLoader : adding path '.'
2004-07-21 00:49:38,000 - FileResourceLoader : initialization complete.
2004-07-21 00:49:38,000 - ClasspathResourceLoader : initialization starting.
2004-07-21 00:49:38,000 - ClasspathResourceLoader : initialization complete.
2004-07-21 00:49:38,010 - ResourceCache : initialized. (class org.apache.velocity.runtime.resource.ResourceCacheImpl)
2004-07-21 00:49:38,010 - Default ResourceManager initialization complete.
2004-07-21 00:49:38,020 - Loaded System Directive: org.apache.velocity.runtime.directive.Literal
2004-07-21 00:49:38,030 - Loaded System Directive: org.apache.velocity.runtime.directive.Macro
2004-07-21 00:49:38,030 - Loaded System Directive: org.apache.velocity.runtime.directive.Parse
2004-07-21 00:49:38,040 - Loaded System Directive: org.apache.velocity.runtime.directive.Include
2004-07-21 00:49:38,040 - Loaded System Directive: org.apache.velocity.runtime.directive.Foreach
2004-07-21 00:49:38,681 - Created: 20 parsers.
2004-07-21 00:49:38,701 - Velocimacro : initialization starting.
2004-07-21 00:49:38,701 - Velocimacro : adding VMs from VM library template : VM_global_library.vm
2004-07-21 00:49:38,791 - KindFileResourceLoader : file loader failed to load: VM_global_library.vm
2004-07-21 00:49:38,821 - ResourceManager : found VM_global_library.vm with loader middlegen.KindFileResourceLoader
2004-07-21 00:49:38,821 - Velocimacro :  VM library template macro registration complete.
2004-07-21 00:49:38,821 - Velocimacro : allowInline = true : VMs can be defined inline in templates
2004-07-21 00:49:38,821 - Velocimacro : allowInlineToOverride = false : VMs defined inline may NOT replace previous VM definitions
2004-07-21 00:49:38,821 - Velocimacro : allowInlineLocal = false : VMs defined inline will be  global in scope if allowed.
2004-07-21 00:49:38,821 - Velocimacro : messages on  : VM system will output logging messages
2004-07-21 00:49:38,821 - Velocimacro : autoload off  : VM system will not automatically reload global library macros
2004-07-21 00:49:38,821 - Velocimacro : initialization complete.
2004-07-21 00:49:38,821 - Velocity successfully started.
